
**** Clean-only build of configuration Debug for project Assignment1 ****

make clean 
rm -rf  ./bmp.o ./ccd.o ./lcd.o ./main.o  ./bmp.d ./ccd.d ./lcd.d ./main.d  Assignment1
process_begin: CreateProcess(NULL, rm -rf ./bmp.o ./ccd.o ./lcd.o ./main.o ./bmp.d ./ccd.d ./lcd.d ./main.d Assignment1, ...) failed.
make (e=2): The system cannot find the file specified.

make: [clean] Error 2 (ignored)
' '

**** Build Finished ****

**** Rebuild of configuration Debug for project Assignment1 ****

**** Internal Builder is used for build               ****
gcc -O0 -g3 -Wall -c -fmessage-length=0 -o main.o ..\main.c
gcc -O0 -g3 -Wall -c -fmessage-length=0 -o bmp.o ..\bmp.c
gcc -O0 -g3 -Wall -c -fmessage-length=0 -o lcd.o ..\lcd.c
gcc -O0 -g3 -Wall -c -fmessage-length=0 -o ccd.o ..\ccd.c
gcc -o Assignment1.exe main.o lcd.o ccd.o bmp.o
Build complete for project Assignment1
Time consumed: 3280  ms.  

**** Build of configuration Debug for project Assignment1 ****

**** Internal Builder is used for build               ****
Nothing to build for Assignment1

**** Build of configuration Debug for project Assignment1 ****

**** Internal Builder is used for build               ****
Nothing to build for Assignment1

**** Build of configuration Debug for project Assignment1 ****

**** Internal Builder is used for build               ****
gcc -O0 -g3 -Wall -c -fmessage-length=0 -o ccd.o ..\ccd.c
gcc -o Assignment1.exe main.o lcd.o ccd.o bmp.o
Build complete for project Assignment1
Time consumed: 844  ms.  

**** Build of configuration Debug for project Assignment1 ****

**** Internal Builder is used for build               ****
gcc -O0 -g3 -Wall -c -fmessage-length=0 -o ccd.o ..\ccd.c
gcc -o Assignment1.exe main.o lcd.o ccd.o bmp.o
Build complete for project Assignment1
Time consumed: 769  ms.  

**** Build of configuration Debug for project Assignment1 ****

**** Internal Builder is used for build               ****
gcc -O0 -g3 -Wall -c -fmessage-length=0 -o ccd.o ..\ccd.c
gcc -o Assignment1.exe main.o lcd.o ccd.o bmp.o
Build complete for project Assignment1
Time consumed: 799  ms.  

**** Build of configuration Debug for project Assignment1 ****

**** Internal Builder is used for build               ****
Nothing to build for Assignment1

**** Build of configuration Debug for project Assignment1 ****

**** Internal Builder is used for build               ****
Nothing to build for Assignment1

**** Build of configuration Debug for project Assignment1 ****

**** Internal Builder is used for build               ****
Nothing to build for Assignment1

**** Build of configuration Debug for project Assignment1 ****

**** Internal Builder is used for build               ****
gcc -O0 -g3 -Wall -c -fmessage-length=0 -o ccd.o ..\ccd.c
gcc -o Assignment1.exe main.o lcd.o ccd.o bmp.o
Build complete for project Assignment1
Time consumed: 767  ms.  

**** Build of configuration Debug for project Assignment1 ****

**** Internal Builder is used for build               ****
Nothing to build for Assignment1

**** Build of configuration Debug for project Assignment1 ****

**** Internal Builder is used for build               ****
gcc -O0 -g3 -Wall -c -fmessage-length=0 -o bmp.o ..\bmp.c
gcc -o Assignment1.exe main.o lcd.o ccd.o bmp.o
Build complete for project Assignment1
Time consumed: 1103  ms.  

**** Build of configuration Debug for project Assignment1 ****

**** Internal Builder is used for build               ****
Nothing to build for Assignment1

**** Build of configuration Debug for project Assignment1 ****

**** Internal Builder is used for build               ****
gcc -O0 -g3 -Wall -c -fmessage-length=0 -o bmp.o ..\bmp.c
gcc -o Assignment1.exe main.o lcd.o ccd.o bmp.o
Build complete for project Assignment1
Time consumed: 819  ms.  

**** Build of configuration Debug for project Assignment1 ****

**** Internal Builder is used for build               ****
gcc -O0 -g3 -Wall -c -fmessage-length=0 -o bmp.o ..\bmp.c
gcc -o Assignment1.exe main.o lcd.o ccd.o bmp.o
Build complete for project Assignment1
Time consumed: 804  ms.  

**** Build of configuration Debug for project Assignment1 ****

**** Internal Builder is used for build               ****
gcc -O0 -g3 -Wall -c -fmessage-length=0 -o ccd.o ..\ccd.c
gcc -O0 -g3 -Wall -c -fmessage-length=0 -o bmp.o ..\bmp.c
gcc -o Assignment1.exe main.o lcd.o ccd.o bmp.o
Build complete for project Assignment1
Time consumed: 921  ms.  

**** Build of configuration Debug for project Assignment1 ****

**** Internal Builder is used for build               ****
gcc -O0 -g3 -Wall -c -fmessage-length=0 -o bmp.o ..\bmp.c
..\bmp.c: In function 'bmp_open':
..\bmp.c:89:2: warning: passing argument 1 of 'printf' makes pointer from integer without a cast
c:\mingw\bin\../lib/gcc/i686-pc-mingw32/4.5.1/../../../../include/stdio.h:294:37: note: expected 'const char *' but argument is of type 'WORD'
gcc -O0 -g3 -Wall -c -fmessage-length=0 -o ccd.o ..\ccd.c
gcc -o Assignment1.exe main.o lcd.o ccd.o bmp.o
Build complete for project Assignment1
Time consumed: 1014  ms.  

**** Build of configuration Debug for project Assignment1 ****

**** Internal Builder is used for build               ****
gcc -O0 -g3 -Wall -c -fmessage-length=0 -o bmp.o ..\bmp.c
gcc -o Assignment1.exe main.o lcd.o ccd.o bmp.o
Build complete for project Assignment1
Time consumed: 780  ms.  

**** Build of configuration Debug for project Assignment1 ****

**** Internal Builder is used for build               ****
gcc -O0 -g3 -Wall -c -fmessage-length=0 -o bmp.o ..\bmp.c
gcc -o Assignment1.exe main.o lcd.o ccd.o bmp.o
Build complete for project Assignment1
Time consumed: 827  ms.  

**** Build of configuration Debug for project Assignment1 ****

**** Internal Builder is used for build               ****
gcc -O0 -g3 -Wall -c -fmessage-length=0 -o bmp.o ..\bmp.c
gcc -o Assignment1.exe main.o lcd.o ccd.o bmp.o
Build complete for project Assignment1
Time consumed: 656  ms.  

**** Build of configuration Debug for project Assignment1 ****

**** Internal Builder is used for build               ****
gcc -O0 -g3 -Wall -c -fmessage-length=0 -o bmp.o ..\bmp.c
gcc -o Assignment1.exe main.o lcd.o ccd.o bmp.o
Build complete for project Assignment1
Time consumed: 617  ms.  

**** Build of configuration Debug for project Assignment1 ****

**** Internal Builder is used for build               ****
gcc -O0 -g3 -Wall -c -fmessage-length=0 -o bmp.o ..\bmp.c
gcc -o Assignment1.exe main.o lcd.o ccd.o bmp.o
Build complete for project Assignment1
Time consumed: 671  ms.  

**** Build of configuration Debug for project Assignment1 ****

**** Internal Builder is used for build               ****
gcc -O0 -g3 -Wall -c -fmessage-length=0 -o bmp.o ..\bmp.c
..\bmp.c: In function 'bmp_save':
..\bmp.c:159:10: error: conflicting types for 'i'
..\bmp.c:127:15: note: previous definition of 'i' was here
..\bmp.c:159:2: error: 'for' loop initial declarations are only allowed in C99 mode
..\bmp.c:159:2: note: use option -std=c99 or -std=gnu99 to compile your code
..\bmp.c:165:13: error: redefinition of 'i'
..\bmp.c:159:10: note: previous definition of 'i' was here
..\bmp.c:165:5: error: 'for' loop initial declarations are only allowed in C99 mode
Build error occurred, build is stopped
Time consumed: 499  ms.  

**** Build of configuration Debug for project Assignment1 ****

**** Internal Builder is used for build               ****
gcc -O0 -g3 -Wall -c -fmessage-length=0 -o bmp.o ..\bmp.c
gcc -o Assignment1.exe main.o lcd.o ccd.o bmp.o
Build complete for project Assignment1
Time consumed: 858  ms.  

**** Build of configuration Debug for project Assignment1 ****

**** Internal Builder is used for build               ****
Nothing to build for Assignment1

**** Build of configuration Debug for project Assignment1 ****

**** Internal Builder is used for build               ****
gcc -O0 -g3 -Wall -c -fmessage-length=0 -o bmp.o ..\bmp.c
gcc -o Assignment1.exe main.o lcd.o ccd.o bmp.o
Build complete for project Assignment1
Time consumed: 843  ms.  

**** Build of configuration Debug for project Assignment1 ****

**** Internal Builder is used for build               ****
gcc -O0 -g3 -Wall -c -fmessage-length=0 -o bmp.o ..\bmp.c
gcc -o Assignment1.exe main.o lcd.o ccd.o bmp.o
Build complete for project Assignment1
Time consumed: 843  ms.  

**** Build of configuration Debug for project Assignment1 ****

**** Internal Builder is used for build               ****
Nothing to build for Assignment1

**** Build of configuration Debug for project Assignment1 ****

**** Internal Builder is used for build               ****
gcc -O0 -g3 -Wall -c -fmessage-length=0 -o bmp.o ..\bmp.c
gcc -o Assignment1.exe main.o lcd.o ccd.o bmp.o
Build complete for project Assignment1
Time consumed: 686  ms.  

**** Build of configuration Debug for project Assignment1 ****

**** Internal Builder is used for build               ****
gcc -O0 -g3 -Wall -c -fmessage-length=0 -o bmp.o ..\bmp.c
..\bmp.c: In function 'bmp_save':
..\bmp.c:131:13: warning: unused variable 'bmi'
gcc -o Assignment1.exe main.o lcd.o ccd.o bmp.o
Build complete for project Assignment1
Time consumed: 874  ms.  

**** Build of configuration Debug for project Assignment1 ****

**** Internal Builder is used for build               ****
gcc -O0 -g3 -Wall -c -fmessage-length=0 -o bmp.o ..\bmp.c
gcc -o Assignment1.exe main.o lcd.o ccd.o bmp.o
Build complete for project Assignment1
Time consumed: 655  ms.  

**** Build of configuration Debug for project Assignment1 ****

**** Internal Builder is used for build               ****
Nothing to build for Assignment1

**** Build of configuration Debug for project Assignment1 ****

**** Internal Builder is used for build               ****
gcc -O0 -g3 -Wall -c -fmessage-length=0 -o bmp.o ..\bmp.c
gcc -o Assignment1.exe main.o lcd.o ccd.o bmp.o
Build complete for project Assignment1
Time consumed: 936  ms.  

**** Build of configuration Debug for project Assignment1 ****

**** Internal Builder is used for build               ****
gcc -O0 -g3 -Wall -c -fmessage-length=0 -o bmp.o ..\bmp.c
gcc -o Assignment1.exe main.o lcd.o ccd.o bmp.o
Build complete for project Assignment1
Time consumed: 843  ms.  

**** Build of configuration Debug for project Assignment1 ****

**** Internal Builder is used for build               ****
gcc -O0 -g3 -Wall -c -fmessage-length=0 -o bmp.o ..\bmp.c
gcc -o Assignment1.exe main.o lcd.o ccd.o bmp.o
Build complete for project Assignment1
Time consumed: 670  ms.  

**** Build of configuration Debug for project Assignment1 ****

**** Internal Builder is used for build               ****
gcc -O0 -g3 -Wall -c -fmessage-length=0 -o bmp.o ..\bmp.c
..\bmp.c: In function 'bmp_save':
..\bmp.c:156:2: warning: passing argument 1 of 'fwrite' makes pointer from integer without a cast
c:\mingw\bin\../lib/gcc/i686-pc-mingw32/4.5.1/../../../../include/stdio.h:413:40: note: expected 'const void *' but argument is of type 'int'
..\bmp.c:158:2: warning: passing argument 1 of 'fwrite' makes pointer from integer without a cast
c:\mingw\bin\../lib/gcc/i686-pc-mingw32/4.5.1/../../../../include/stdio.h:413:40: note: expected 'const void *' but argument is of type 'int'
gcc -o Assignment1.exe main.o lcd.o ccd.o bmp.o
Build complete for project Assignment1
Time consumed: 842  ms.  

**** Build of configuration Debug for project Assignment1 ****

**** Internal Builder is used for build               ****
gcc -O0 -g3 -Wall -c -fmessage-length=0 -o bmp.o ..\bmp.c
gcc -o Assignment1.exe main.o lcd.o ccd.o bmp.o
Build complete for project Assignment1
Time consumed: 733  ms.  

**** Build of configuration Debug for project Assignment1 ****

**** Internal Builder is used for build               ****
gcc -O0 -g3 -Wall -c -fmessage-length=0 -o bmp.o ..\bmp.c
gcc -o Assignment1.exe main.o lcd.o ccd.o bmp.o
Build complete for project Assignment1
Time consumed: 780  ms.  
